<?xml version="1.0" encoding="UTF-8"?>
<testsuite xmlns:xsi="http://www.w3.org/2001/XMLSchema-instance" xsi:noNamespaceSchemaLocation="https://maven.apache.org/surefire/maven-surefire-plugin/xsd/surefire-test-report-3.0.xsd" version="3.0" name="com.example.sms.integration.FlowIntegrationTest" time="6.242" tests="1" errors="0" skipped="0" failures="0">
  <properties>
[...]
</properties>
  <testcase name="endToEnd_register_enroll_assignGrade_viewGpaAndReport" classname="com.example.sms.integration.FlowIntegrationTest" time="0.954">
    <system-out><![CDATA[21:32:04.806 [main] INFO org.springframework.test.context.support.AnnotationConfigContextLoaderUtils -- Could not detect default configuration classes for test class [com.example.sms.integration.FlowIntegrationTest]: FlowIntegrationTest does not declare any static, non-private, non-final, nested classes annotated with @Configuration.
21:32:04.908 [main] INFO org.springframework.boot.test.context.SpringBootTestContextBootstrapper -- Found @SpringBootConfiguration com.example.sms.SmsApplication for test class com.example.sms.integration.FlowIntegrationTest

  .   ____          _            __ _ _
 /\\ / ___'_ __ _ _(_)_ __  __ _ \ \ \ \
( ( )\___ | '_ | '_| | '_ \/ _` | \ \ \ \
 \\/  ___)| |_)| | | | | || (_| |  ) ) ) )
  '  |____| .__|_| |_|_| |_\__, | / / / /
 =========|_|==============|___/=/_/_/_/
 :: Spring Boot ::                (v3.2.5)

2025-09-30T21:32:05.281+03:00  INFO 27868 --- [           main] c.e.sms.integration.FlowIntegrationTest  : Starting FlowIntegrationTest using Java 24.0.2 with PID 27868 (started by user in D:\Giza systems\Student Management System\Student Management System\Student-Management-System)
2025-09-30T21:32:05.283+03:00  INFO 27868 --- [           main] c.e.sms.integration.FlowIntegrationTest  : No active profile set, falling back to 1 default profile: "default"
2025-09-30T21:32:06.000+03:00  INFO 27868 --- [           main] .s.d.r.c.RepositoryConfigurationDelegate : Bootstrapping Spring Data JPA repositories in DEFAULT mode.
2025-09-30T21:32:06.058+03:00  INFO 27868 --- [           main] .s.d.r.c.RepositoryConfigurationDelegate : Finished Spring Data repository scanning in 51 ms. Found 4 JPA repository interfaces.
2025-09-30T21:32:06.631+03:00  INFO 27868 --- [           main] o.s.b.w.embedded.tomcat.TomcatWebServer  : Tomcat initialized with port 0 (http)
2025-09-30T21:32:06.641+03:00  INFO 27868 --- [           main] o.apache.catalina.core.StandardService   : Starting service [Tomcat]
2025-09-30T21:32:06.642+03:00  INFO 27868 --- [           main] o.apache.catalina.core.StandardEngine    : Starting Servlet engine: [Apache Tomcat/10.1.20]
2025-09-30T21:32:06.715+03:00  INFO 27868 --- [           main] o.a.c.c.C.[Tomcat].[localhost].[/]       : Initializing Spring embedded WebApplicationContext
2025-09-30T21:32:06.716+03:00  INFO 27868 --- [           main] w.s.c.ServletWebServerApplicationContext : Root WebApplicationContext: initialization completed in 1411 ms
2025-09-30T21:32:06.759+03:00  INFO 27868 --- [           main] com.zaxxer.hikari.HikariDataSource       : HikariPool-1 - Starting...
2025-09-30T21:32:07.006+03:00  INFO 27868 --- [           main] com.zaxxer.hikari.pool.HikariPool        : HikariPool-1 - Added connection conn0: url=jdbc:h2:mem:smsdb user=SA
2025-09-30T21:32:07.008+03:00  INFO 27868 --- [           main] com.zaxxer.hikari.HikariDataSource       : HikariPool-1 - Start completed.
2025-09-30T21:32:07.024+03:00  INFO 27868 --- [           main] o.s.b.a.h2.H2ConsoleAutoConfiguration    : H2 console available at '/h2-console'. Database available at 'jdbc:h2:mem:smsdb'
2025-09-30T21:32:07.198+03:00  INFO 27868 --- [           main] o.hibernate.jpa.internal.util.LogHelper  : HHH000204: Processing PersistenceUnitInfo [name: default]
2025-09-30T21:32:07.273+03:00  INFO 27868 --- [           main] org.hibernate.Version                    : HHH000412: Hibernate ORM core version 6.4.4.Final
2025-09-30T21:32:07.316+03:00  INFO 27868 --- [           main] o.h.c.internal.RegionFactoryInitiator    : HHH000026: Second-level cache disabled
2025-09-30T21:32:07.533+03:00  INFO 27868 --- [           main] o.s.o.j.p.SpringPersistenceUnitInfo      : No LoadTimeWeaver setup: ignoring JPA class transformer
2025-09-30T21:32:08.391+03:00  INFO 27868 --- [           main] o.h.e.t.j.p.i.JtaPlatformInitiator       : HHH000489: No JTA platform available (set 'hibernate.transaction.jta.platform' to enable JTA platform integration)
Hibernate: create table courses (id bigint generated by default as identity, description varchar(255), name varchar(255) not null, instructor_id bigint, primary key (id))
Hibernate: create table grades (id bigint generated by default as identity, score float(53) not null, term varchar(255), course_id bigint not null, student_id bigint not null, primary key (id))
Hibernate: create table instructors (id bigint generated by default as identity, email varchar(255) not null, first_name varchar(255) not null, last_name varchar(255), primary key (id))
Hibernate: create table student_courses (student_id bigint not null, course_id bigint not null, primary key (student_id, course_id))
Hibernate: create table students (id bigint generated by default as identity, email varchar(255) not null, first_name varchar(255) not null, gpa float(53), last_name varchar(255) not null, password_hash varchar(255), primary key (id))
Hibernate: alter table if exists courses drop constraint if exists UK_5o6x4fpafbywj4v2g0owhh11r
Hibernate: alter table if exists courses add constraint UK_5o6x4fpafbywj4v2g0owhh11r unique (name)
Hibernate: alter table if exists grades drop constraint if exists UKo2rr8h857kiwm0k14dmdsil6
Hibernate: alter table if exists grades add constraint UKo2rr8h857kiwm0k14dmdsil6 unique (student_id, course_id)
Hibernate: alter table if exists instructors drop constraint if exists UK_1p61qho6k9oewkyd5uv1aniv7
Hibernate: alter table if exists instructors add constraint UK_1p61qho6k9oewkyd5uv1aniv7 unique (email)
Hibernate: alter table if exists students drop constraint if exists UK_e2rndfrsx22acpq2ty1caeuyw
Hibernate: alter table if exists students add constraint UK_e2rndfrsx22acpq2ty1caeuyw unique (email)
Hibernate: alter table if exists courses add constraint FK1kswo6qqebbdy2kq0kx6udof7 foreign key (instructor_id) references instructors
Hibernate: alter table if exists grades add constraint FKox7bxu57m6gpmeeyj38rfrdw9 foreign key (course_id) references courses
Hibernate: alter table if exists grades add constraint FK13a16545m7vvrcspc999r15s9 foreign key (student_id) references students
Hibernate: alter table if exists student_courses add constraint FKsfpq78oyrqua1h0obpl7ulc18 foreign key (course_id) references courses
Hibernate: alter table if exists student_courses add constraint FKwj1l0mta35u161acdl2tupoo foreign key (student_id) references students
2025-09-30T21:32:08.460+03:00  INFO 27868 --- [           main] j.LocalContainerEntityManagerFactoryBean : Initialized JPA EntityManagerFactory for persistence unit 'default'
2025-09-30T21:32:09.050+03:00  WARN 27868 --- [           main] JpaBaseConfiguration$JpaWebConfiguration : spring.jpa.open-in-view is enabled by default. Therefore, database queries may be performed during view rendering. Explicitly configure spring.jpa.open-in-view to disable this warning
2025-09-30T21:32:09.948+03:00  INFO 27868 --- [           main] o.s.b.w.embedded.tomcat.TomcatWebServer  : Tomcat started on port 53335 (http) with context path ''
2025-09-30T21:32:09.959+03:00  INFO 27868 --- [           main] c.e.sms.integration.FlowIntegrationTest  : Started FlowIntegrationTest in 4.928 seconds (process running for 5.756)
2025-09-30T21:32:10.395+03:00  INFO 27868 --- [o-auto-1-exec-2] o.a.c.c.C.[Tomcat].[localhost].[/]       : Initializing Spring DispatcherServlet 'dispatcherServlet'
2025-09-30T21:32:10.395+03:00  INFO 27868 --- [o-auto-1-exec-2] o.s.web.servlet.DispatcherServlet        : Initializing Servlet 'dispatcherServlet'
2025-09-30T21:32:10.396+03:00  INFO 27868 --- [o-auto-1-exec-2] o.s.web.servlet.DispatcherServlet        : Completed initialization in 1 ms
Hibernate: select s1_0.id from students s1_0 where s1_0.email=? fetch first ? rows only
Hibernate: insert into students (email,first_name,gpa,last_name,password_hash,id) values (?,?,?,?,?,default)
Hibernate: insert into instructors (email,first_name,last_name,id) values (?,?,?,default)
Hibernate: insert into courses (description,instructor_id,name,id) values (?,?,?,default)
Hibernate: select c1_0.id,c1_0.description,i1_0.id,i1_0.email,i1_0.first_name,i1_0.last_name,c1_0.name from courses c1_0 left join instructors i1_0 on i1_0.id=c1_0.instructor_id where c1_0.id=?
Hibernate: select i1_0.id,i1_0.email,i1_0.first_name,i1_0.last_name from instructors i1_0 where i1_0.id=?
Hibernate: update courses set description=?,instructor_id=?,name=? where id=?
Hibernate: select c1_0.id,c1_0.description,i1_0.id,i1_0.email,i1_0.first_name,i1_0.last_name,c1_0.name from courses c1_0 left join instructors i1_0 on i1_0.id=c1_0.instructor_id where c1_0.id=?
Hibernate: select s1_0.id,s1_0.email,s1_0.first_name,s1_0.gpa,s1_0.last_name,s1_0.password_hash from students s1_0 where s1_0.id=?
Hibernate: select s1_0.course_id,s1_1.id,s1_1.email,s1_1.first_name,s1_1.gpa,s1_1.last_name,s1_1.password_hash from student_courses s1_0 join students s1_1 on s1_1.id=s1_0.student_id where s1_0.course_id=?
Hibernate: select c1_0.student_id,c1_1.id,c1_1.description,i1_0.id,i1_0.email,i1_0.first_name,i1_0.last_name,c1_1.name from student_courses c1_0 join courses c1_1 on c1_1.id=c1_0.course_id left join instructors i1_0 on i1_0.id=c1_1.instructor_id where c1_0.student_id=?
Hibernate: insert into student_courses (student_id,course_id) values (?,?)
Hibernate: select s1_0.id,s1_0.email,s1_0.first_name,s1_0.gpa,s1_0.last_name,s1_0.password_hash from students s1_0 where s1_0.id=?
Hibernate: select c1_0.id,c1_0.description,i1_0.id,i1_0.email,i1_0.first_name,i1_0.last_name,c1_0.name from courses c1_0 left join instructors i1_0 on i1_0.id=c1_0.instructor_id where c1_0.id=?
Hibernate: select g1_0.id,g1_0.course_id,g1_0.score,g1_0.student_id,g1_0.term from grades g1_0 where g1_0.student_id=? and g1_0.course_id=?
Hibernate: insert into grades (course_id,score,student_id,term,id) values (?,?,?,?,default)
Hibernate: select g1_0.id,g1_0.course_id,g1_0.score,g1_0.student_id,g1_0.term from grades g1_0 where g1_0.student_id=?
Hibernate: update students set email=?,first_name=?,gpa=?,last_name=?,password_hash=? where id=?
Hibernate: select s1_0.id,s1_0.email,s1_0.first_name,s1_0.gpa,s1_0.last_name,s1_0.password_hash from students s1_0 where s1_0.id=?
Hibernate: select g1_0.id,g1_0.course_id,g1_0.score,g1_0.student_id,g1_0.term from grades g1_0 where g1_0.student_id=?
Hibernate: select c1_0.id,c1_0.description,i1_0.id,i1_0.email,i1_0.first_name,i1_0.last_name,c1_0.name from courses c1_0 left join instructors i1_0 on i1_0.id=c1_0.instructor_id where c1_0.id=?
Hibernate: select s1_0.id,s1_0.email,s1_0.first_name,s1_0.gpa,s1_0.last_name,s1_0.password_hash from students s1_0 where s1_0.id=?
Hibernate: select g1_0.id,g1_0.course_id,g1_0.score,g1_0.student_id,g1_0.term from grades g1_0 where g1_0.student_id=?
Hibernate: select c1_0.id,c1_0.description,i1_0.id,i1_0.email,i1_0.first_name,i1_0.last_name,c1_0.name from courses c1_0 left join instructors i1_0 on i1_0.id=c1_0.instructor_id where c1_0.id=?
]]></system-out>
    <system-err><![CDATA[WARNING: A Java agent has been loaded dynamically (C:\Users\user\.m2\repository\net\bytebuddy\byte-buddy-agent\1.14.13\byte-buddy-agent-1.14.13.jar)
WARNING: If a serviceability tool is in use, please run with -XX:+EnableDynamicAgentLoading to hide this warning
WARNING: If a serviceability tool is not in use, please run with -Djdk.instrument.traceUsage for more information
WARNING: Dynamic loading of agents will be disallowed by default in a future release
]]></system-err>
  </testcase>
</testsuite>